<?xml version="1.0" encoding="UTF-8"?>
<!-- Generated by org.testng.reporters.JUnitXMLReporter -->
<testsuite ignored="1" hostname="Ranjith-M-A" failures="1" tests="1" name="Default test(failed)" time="0.123" errors="0" timestamp="2026-01-15T17:43:17 IST">
  <testcase classname="practice.testng.HomeSampleTest_Hard_Assert" name="homePageTest" time="0.031">
    <failure type="java.lang.AssertionError" message="expected [Home Page] but found [Home]">
      <![CDATA[java.lang.AssertionError: expected [Home Page] but found [Home]
at practice.testng.HomeSampleTest_Hard_Assert.homePageTest(HomeSampleTest_Hard_Assert.java:14)
at java.base/java.util.ArrayList.forEach(ArrayList.java:1597)
... Removed 31 stack frames]]>
    </failure>
  </testcase> <!-- homePageTest -->
  <testcase classname="practice.testng.HomeSampleTest_Hard_Assert" name="verifyLogoHomePageTest" time="0.0">
    <ignored/>
  </testcase> <!-- verifyLogoHomePageTest -->
</testsuite> <!-- Default test(failed) -->
