<?xml version="1.0" encoding="UTF-8"?>
<!-- Generated by org.testng.reporters.JUnitReportReporter -->
<testsuite hostname="Ranjith-M-A" failures="0" tests="2" name="com.crm.comcast.contacttest_using_testng.CreateContactTest" time="77.153" errors="0" timestamp="2026-01-15T16:17:00 IST" skipped="0">
  <testcase classname="com.crm.comcast.contacttest_using_testng.CreateContactTest" name="createContactWithSupportDate" time="20.074"/>
  <testcase classname="com.crm.comcast.contacttest_using_testng.CreateContactTest" name="createContactTest" time="57.079"/>
</testsuite> <!-- com.crm.comcast.contacttest_using_testng.CreateContactTest -->
