<?xml version="1.0" encoding="UTF-8"?>
<!-- Generated by org.testng.reporters.JUnitReportReporter -->
<testsuite hostname="Ranjith-M-A" failures="0" tests="3" name="practice.testng.CreateContact_DP_Test2" time="0.026" errors="0" timestamp="2026-01-01T17:59:09 IST" skipped="0">
  <testcase classname="practice.testng.CreateContact_DP_Test2" name="createContactTest" time="0.020"/>
  <testcase classname="practice.testng.CreateContact_DP_Test2" name="createContactTest" time="0.003"/>
  <testcase classname="practice.testng.CreateContact_DP_Test2" name="createContactTest" time="0.003"/>
</testsuite> <!-- practice.testng.CreateContact_DP_Test2 -->
