<?xml version="1.0" encoding="UTF-8"?>
<!-- Generated by org.testng.reporters.JUnitReportReporter -->
<testsuite hostname="Ranjith-M-A" failures="0" tests="3" name="practice.testng.ContactTest_dependsOnMethod" time="0.026" errors="0" timestamp="2026-01-01T17:26:02 IST" skipped="0">
  <testcase classname="practice.testng.ContactTest_dependsOnMethod" name="deleteContactTest" time="0.003"/>
  <testcase classname="practice.testng.ContactTest_dependsOnMethod" name="createContactTest" time="0.021"/>
  <testcase classname="practice.testng.ContactTest_dependsOnMethod" name="modifyContactTest" time="0.002"/>
</testsuite> <!-- practice.testng.ContactTest_dependsOnMethod -->
