<?xml version="1.0" encoding="UTF-8"?>
<!-- Generated by org.testng.reporters.JUnitReportReporter -->
<testsuite hostname="Ranjith-M-A" failures="0" tests="3" name="practice.testng.GetProductInfo_Multiple_Product_Price_FromExcel_Test" time="30.904" errors="0" timestamp="2026-01-01T22:54:14 IST" skipped="0">
  <testcase classname="practice.testng.GetProductInfo_Multiple_Product_Price_FromExcel_Test" name="getProductInfoTest" time="13.924"/>
  <testcase classname="practice.testng.GetProductInfo_Multiple_Product_Price_FromExcel_Test" name="getProductInfoTest" time="8.890"/>
  <testcase classname="practice.testng.GetProductInfo_Multiple_Product_Price_FromExcel_Test" name="getProductInfoTest" time="8.090"/>
</testsuite> <!-- practice.testng.GetProductInfo_Multiple_Product_Price_FromExcel_Test -->
