<?xml version="1.0" encoding="UTF-8"?>
<!-- Generated by org.testng.reporters.JUnitReportReporter -->
<testsuite hostname="Ranjith-M-A" failures="0" tests="3" name="practice.testng.GetProductInfo_Multiple_Product_Price_Test" time="43.755" errors="0" timestamp="2026-01-01T22:13:09 IST" skipped="0">
  <testcase classname="practice.testng.GetProductInfo_Multiple_Product_Price_Test" name="getProductInfoTest" time="14.404"/>
  <testcase classname="practice.testng.GetProductInfo_Multiple_Product_Price_Test" name="getProductInfoTest" time="11.974"/>
  <testcase classname="practice.testng.GetProductInfo_Multiple_Product_Price_Test" name="getProductInfoTest" time="17.377"/>
</testsuite> <!-- practice.testng.GetProductInfo_Multiple_Product_Price_Test -->
