<?xml version="1.0" encoding="UTF-8"?>
<!-- Generated by org.testng.reporters.JUnitReportReporter -->
<testsuite hostname="Ranjith-M-A" failures="0" tests="2" name="contact_test_group_execution.CreateContactTest" time="45.465" errors="0" timestamp="2026-01-07T00:21:00 IST" skipped="0">
  <testcase classname="contact_test_group_execution.CreateContactTest" name="createContactWithSupportDate" time="19.597"/>
  <testcase classname="contact_test_group_execution.CreateContactTest" name="createContactTest" time="25.868"/>
</testsuite> <!-- contact_test_group_execution.CreateContactTest -->
