<?xml version="1.0" encoding="UTF-8"?>
<!-- Generated by org.testng.reporters.JUnitReportReporter -->
<testsuite hostname="Ranjith-M-A" failures="0" tests="11" name="practice.testng.OrderTest_InvocationCount" time="0.039" errors="0" timestamp="2026-01-01T17:31:38 IST" skipped="1">
  <testcase classname="practice.testng.OrderTest_InvocationCount" name="createOrderTest" time="0.003"/>
  <testcase classname="practice.testng.OrderTest_InvocationCount" name="createOrderTest" time="0.003"/>
  <testcase classname="practice.testng.OrderTest_InvocationCount" name="createOrderTest" time="0.016"/>
  <testcase classname="practice.testng.OrderTest_InvocationCount" name="createOrderTest" time="0.002"/>
  <testcase classname="practice.testng.OrderTest_InvocationCount" name="createOrderTest" time="0.002"/>
  <testcase classname="practice.testng.OrderTest_InvocationCount" name="createOrderTest" time="0.003"/>
  <testcase classname="practice.testng.OrderTest_InvocationCount" name="createOrderTest" time="0.003"/>
  <testcase classname="practice.testng.OrderTest_InvocationCount" name="createOrderTest" time="0.002"/>
  <testcase classname="practice.testng.OrderTest_InvocationCount" name="createOrderTest" time="0.002"/>
  <testcase classname="practice.testng.OrderTest_InvocationCount" name="createOrderTest" time="0.003"/>
  <testcase classname="practice.testng.OrderTest_InvocationCount" name="billingAnOrderTest">
    <skipped/>
  </testcase> <!-- billingAnOrderTest -->
</testsuite> <!-- practice.testng.OrderTest_InvocationCount -->
