<?xml version="1.0" encoding="UTF-8"?>
<!-- Generated by org.testng.reporters.JUnitReportReporter -->
<testsuite hostname="Ranjith-M-A" failures="0" tests="2" name="com.crm.comcast.orgtest_using_testng.CreateOrgTest" time="0.022" errors="0" timestamp="2025-12-30T12:01:45 IST" skipped="0">
  <testcase classname="com.crm.comcast.orgtest_using_testng.CreateOrgTest" name="createOrgTest" time="0.016"/>
  <testcase classname="com.crm.comcast.orgtest_using_testng.CreateOrgTest" name="createOrgwithIndustries" time="0.006"/>
</testsuite> <!-- com.crm.comcast.orgtest_using_testng.CreateOrgTest -->
