<?xml version="1.0" encoding="UTF-8"?>
<!-- Generated by org.testng.reporters.JUnitReportReporter -->
<testsuite hostname="Ranjith-M-A" failures="0" tests="2" name="org_test_group_execution.CreateOrganizationTest" time="47.584" errors="0" timestamp="2026-01-07T00:21:00 IST" skipped="0">
  <testcase classname="org_test_group_execution.CreateOrganizationTest" name="createOrganizationTest" time="21.197"/>
  <testcase classname="org_test_group_execution.CreateOrganizationTest" name="CreateOrganizationWithIndustry" time="26.387"/>
</testsuite> <!-- org_test_group_execution.CreateOrganizationTest -->
