<?xml version="1.0" encoding="UTF-8"?>
<!-- Generated by org.testng.reporters.JUnitReportReporter -->
<testsuite hostname="Ranjith-M-A" failures="0" tests="2" name="group_execution_smoke_regression_regional_regression_suite.CreateOrganizationTest" time="37.523" errors="0" timestamp="2026-01-06T23:19:41 IST" skipped="0">
  <testcase classname="group_execution_smoke_regression_regional_regression_suite.CreateOrganizationTest" name="createOrganizationTest" time="17.673"/>
  <testcase classname="group_execution_smoke_regression_regional_regression_suite.CreateOrganizationTest" name="CreateOrganizationWithIndustry" time="19.850"/>
</testsuite> <!-- group_execution_smoke_regression_regional_regression_suite.CreateOrganizationTest -->
