<?xml version="1.0" encoding="UTF-8"?>
<!-- Generated by org.testng.reporters.JUnitReportReporter -->
<testsuite hostname="Ranjith-M-A" failures="0" tests="2" name="practice.testng.HomeSampleTest_Reporter" time="0.030" errors="0" timestamp="2026-01-15T16:32:16 IST" skipped="0">
  <testcase classname="practice.testng.HomeSampleTest_Reporter" name="verifyLogoHomePageTest" time="0.004">
    <system-out>
      <![CDATA[verifyLogoHomePageTest Test Start
Step-1
Step-2
Step-3
Step-4
verifyLogoHomePageTest Test End]]>
    </system-out>
  </testcase> <!-- verifyLogoHomePageTest -->
  <testcase classname="practice.testng.HomeSampleTest_Reporter" name="homePageTest" time="0.026">
    <system-out>
      <![CDATA[homePageTest Test Start
Step-1
Step-2
Step-3
Step-4
homePageTest Test End]]>
    </system-out>
  </testcase> <!-- homePageTest -->
  <system-out>
    <![CDATA[homePageTest Test Start
Step-1
Step-2
Step-3
Step-4
homePageTest Test End
verifyLogoHomePageTest Test Start
Step-1
Step-2
Step-3
Step-4
verifyLogoHomePageTest Test End]]>
  </system-out>
</testsuite> <!-- practice.testng.HomeSampleTest_Reporter -->
