<?xml version="1.0" encoding="UTF-8"?>
<!-- Generated by org.testng.reporters.JUnitReportReporter -->
<testsuite hostname="Ranjith-M-A" failures="0" tests="1" name="practice.testng.GetProductInfo_Single_Product_Price_Test" time="9.917" errors="0" timestamp="2026-01-01T18:55:05 IST" skipped="0">
  <testcase classname="practice.testng.GetProductInfo_Single_Product_Price_Test" name="getProductInfoTest" time="9.917"/>
</testsuite> <!-- practice.testng.GetProductInfo_Single_Product_Price_Test -->
