<?xml version="1.0" encoding="UTF-8"?>
<!-- Generated by org.testng.reporters.JUnitReportReporter -->
<testsuite hostname="Ranjith-M-A" failures="0" tests="3" name="practice.testng.ContactTest" time="0.028" errors="0" timestamp="2025-12-31T19:55:35 IST" skipped="0">
  <testcase classname="practice.testng.ContactTest" name="createContactTest" time="0.020"/>
  <testcase classname="practice.testng.ContactTest" name="modifyContactTest" time="0.003"/>
  <testcase classname="practice.testng.ContactTest" name="deleteContactTest" time="0.005"/>
</testsuite> <!-- practice.testng.ContactTest -->
