<?xml version="1.0" encoding="UTF-8"?>
<!-- Generated by org.testng.reporters.JUnitReportReporter -->
<testsuite hostname="Ranjith-M-A" failures="0" tests="2" name="com.crm.comcast.orgtest_using_testng.Create_Sample_OrgTest" time="18.172" errors="0" timestamp="2026-01-06T23:35:06 IST" skipped="0">
  <testcase classname="com.crm.comcast.orgtest_using_testng.Create_Sample_OrgTest" name="createOrgwithIndustries" time="8.976"/>
  <testcase classname="com.crm.comcast.orgtest_using_testng.Create_Sample_OrgTest" name="createOrgTest" time="9.196"/>
</testsuite> <!-- com.crm.comcast.orgtest_using_testng.Create_Sample_OrgTest -->
