<?xml version="1.0" encoding="UTF-8"?>
<!-- Generated by org.testng.reporters.JUnitReportReporter -->
<testsuite hostname="Ranjith-M-A" failures="0" tests="2" name="practice.testng.HomePageVerificationTest" time="13.682" errors="0" timestamp="2026-01-15T15:45:32 IST" skipped="0">
  <testcase classname="practice.testng.HomePageVerificationTest" name="verifyLogoHome" time="6.467"/>
  <testcase classname="practice.testng.HomePageVerificationTest" name="homePageTest" time="7.215"/>
</testsuite> <!-- practice.testng.HomePageVerificationTest -->
