<?xml version="1.0" encoding="UTF-8"?>
<!-- Generated by org.testng.reporters.JUnitReportReporter -->
<testsuite hostname="Ranjith-M-A" failures="0" tests="3" name="contact_test_group_execution_and_parallel_execution.CreateContactTest" time="-1768300800.000" errors="1" timestamp="2026-01-13T16:08:19 IST" skipped="2">
  <testcase classname="contact_test_group_execution_and_parallel_execution.CreateContactTest" name="createContactTest" time="0.002">
    <skipped/>
  </testcase> <!-- createContactTest -->
  <testcase classname="contact_test_group_execution_and_parallel_execution.CreateContactTest" name="configBC" time="-1768300800.000">
    <error message="
Parameter &#039;BROWSER&#039; is required by BeforeClass on method configBC but has not been marked @Optional or defined
in C:\Users\ranji\eclipse-workspace\ComCastCRMGUIFramework\suite_parallel_distribute_test.xml" type="org.testng.TestNGException">
      <![CDATA[org.testng.TestNGException: 
Parameter 'BROWSER' is required by BeforeClass on method configBC but has not been marked @Optional or defined
in C:\Users\ranji\eclipse-workspace\ComCastCRMGUIFramework\suite_parallel_distribute_test.xml
at org.testng.internal.Parameters.createParams(Parameters.java:264)
at org.testng.internal.Parameters.createParametersForMethod(Parameters.java:352)
at org.testng.internal.Parameters.createParameters(Parameters.java:690)
at org.testng.internal.Parameters.createConfigurationParameters(Parameters.java:163)
at org.testng.internal.invokers.ConfigInvoker.invokeConfigurations(ConfigInvoker.java:313)
at org.testng.internal.invokers.TestMethodWorker.invokeBeforeClassMethods(TestMethodWorker.java:188)
at org.testng.internal.invokers.TestMethodWorker.run(TestMethodWorker.java:128)
at java.base/java.util.ArrayList.forEach(ArrayList.java:1597)
at org.testng.TestRunner.privateRun(TestRunner.java:741)
at org.testng.TestRunner.run(TestRunner.java:616)
at org.testng.SuiteRunner.runTest(SuiteRunner.java:421)
at org.testng.SuiteRunner$SuiteWorker.run(SuiteRunner.java:463)
at org.testng.internal.thread.ThreadUtil.lambda$execute$0(ThreadUtil.java:64)
at java.base/java.util.concurrent.FutureTask.run(FutureTask.java:317)
at java.base/java.util.concurrent.ThreadPoolExecutor.runWorker(ThreadPoolExecutor.java:1144)
at java.base/java.util.concurrent.ThreadPoolExecutor$Worker.run(ThreadPoolExecutor.java:642)
at java.base/java.lang.Thread.run(Thread.java:1575)
]]>
    </error>
  </testcase> <!-- configBC -->
  <testcase classname="contact_test_group_execution_and_parallel_execution.CreateContactTest" name="createContactWithSupportDate" time="0.000">
    <skipped/>
  </testcase> <!-- createContactWithSupportDate -->
</testsuite> <!-- contact_test_group_execution_and_parallel_execution.CreateContactTest -->
