<?xml version="1.0" encoding="UTF-8"?>
<!-- Generated by org.testng.reporters.JUnitReportReporter -->
<testsuite hostname="Ranjith-M-A" failures="0" tests="2" name="practice.testng.CreateContact_Config_Annotation_Test" time="0.019" errors="0" timestamp="2026-01-03T10:55:03 IST" skipped="0">
  <testcase classname="practice.testng.CreateContact_Config_Annotation_Test" name="createContactWithDate" time="0.005"/>
  <testcase classname="practice.testng.CreateContact_Config_Annotation_Test" name="createContact" time="0.014"/>
</testsuite> <!-- practice.testng.CreateContact_Config_Annotation_Test -->
