<?xml version="1.0" encoding="UTF-8"?>
<!-- Generated by org.testng.reporters.JUnitReportReporter -->
<testsuite hostname="Ranjith-M-A" failures="0" tests="2" name="com.crm.comcast.contacttest_using_testng.Create_Sample_ContactTest" time="17.668" errors="0" timestamp="2026-01-06T23:35:06 IST" skipped="0">
  <testcase classname="com.crm.comcast.contacttest_using_testng.Create_Sample_ContactTest" name="createContactWithDate" time="11.534"/>
  <testcase classname="com.crm.comcast.contacttest_using_testng.Create_Sample_ContactTest" name="createContact" time="6.134"/>
</testsuite> <!-- com.crm.comcast.contacttest_using_testng.Create_Sample_ContactTest -->
