<?xml version="1.0" encoding="UTF-8"?>
<!-- Generated by org.testng.reporters.JUnitReportReporter -->
<testsuite hostname="Ranjith-M-A" failures="0" tests="2" name="com.crm.comcast.orgtest_using_testng.CreateOrganizationTest" time="45.863" errors="0" timestamp="2026-01-15T16:20:53 IST" skipped="0">
  <testcase classname="com.crm.comcast.orgtest_using_testng.CreateOrganizationTest" name="createOrganizationTest" time="19.163"/>
  <testcase classname="com.crm.comcast.orgtest_using_testng.CreateOrganizationTest" name="CreateOrganizationWithIndustry" time="26.700"/>
</testsuite> <!-- com.crm.comcast.orgtest_using_testng.CreateOrganizationTest -->
