<?xml version="1.0" encoding="UTF-8"?>
<!-- Generated by org.testng.reporters.JUnitReportReporter -->
<testsuite hostname="Ranjith-M-A" failures="0" tests="3" name="practice.testng.CreateContact_DP_Test" time="0.022" errors="0" timestamp="2026-01-01T17:55:04 IST" skipped="0">
  <testcase classname="practice.testng.CreateContact_DP_Test" name="createContactTest" time="0.002"/>
  <testcase classname="practice.testng.CreateContact_DP_Test" name="createContactTest" time="0.016"/>
  <testcase classname="practice.testng.CreateContact_DP_Test" name="createContactTest" time="0.004"/>
</testsuite> <!-- practice.testng.CreateContact_DP_Test -->
