<?xml version="1.0" encoding="UTF-8"?>
<!-- Generated by org.testng.reporters.JUnitXMLReporter -->
<testsuite ignored="0" hostname="Ranjith-M-A" failures="1" tests="2" name="Test" time="23.921" errors="0" timestamp="2026-01-15T17:28:18 IST">
  <testcase classname="practice.testng.InvoiceTest" name="createInvoiceTest" time="3.698">
    <failure type="java.lang.AssertionError" message="expected [Login] but found [Administrator - Home - vtiger CRM 5 - Commercial Open Source CRM]">
      <![CDATA[java.lang.AssertionError: expected [Login] but found [Administrator - Home - vtiger CRM 5 - Commercial Open Source CRM]
at practice.testng.InvoiceTest.createInvoiceTest(InvoiceTest.java:14)
at java.base/java.util.ArrayList.forEach(ArrayList.java:1597)
... Removed 31 stack frames]]>
    </failure>
  </testcase> <!-- createInvoiceTest -->
  <testcase classname="practice.testng.InvoiceTest" name="createInvoiceWithContactTest" time="0.004"/>
</testsuite> <!-- Test -->
