<?xml version="1.0" encoding="UTF-8"?>
<!-- Generated by org.testng.reporters.JUnitXMLReporter -->
<testsuite ignored="0" hostname="Ranjith-M-A" failures="0" tests="2" name="Test2" time="69.652" errors="0" timestamp="2026-01-07T17:30:36 IST">
  <testcase classname="org_test_group_execution_and_parallel_execution.CreateOrganizationTest" name="CreateOrganizationWithIndustry" time="23.469"/>
  <testcase classname="org_test_group_execution_and_parallel_execution.CreateOrganizationTest" name="createOrganizationTest" time="20.789"/>
</testsuite> <!-- Test2 -->
