<?xml version="1.0" encoding="UTF-8"?>
<!-- Generated by org.testng.reporters.JUnitXMLReporter -->
<testsuite ignored="0" hostname="Ranjith-M-A" failures="0" tests="2" name="Test1" time="0.135" errors="0" timestamp="2026-01-13T16:08:19 IST">
  <testcase classname="org_test_group_execution_and_parallel_execution.CreateOrganizationTest" name="createOrganizationTest" time="0.0">
    <skipped/>
  </testcase> <!-- createOrganizationTest -->
  <testcase classname="org_test_group_execution_and_parallel_execution.CreateOrganizationTest" name="createOrganizationWithIndustry" time="0.001">
    <skipped/>
  </testcase> <!-- createOrganizationWithIndustry -->
</testsuite> <!-- Test1 -->
